{"contracts/interfaces/IERC20.sol":{"l":{},"path":"/home/nganta/ERC20_Demo/USDC-Demo/contracts/interfaces/IERC20.sol","s":{},"b":{},"f":{},"fnMap":{},"statementMap":{},"branchMap":{}},"contracts/libraries/Address.sol":{"l":{"31":12,"32":12,"35":12,"55":0,"57":0,"58":0,"86":0,"100":12,"119":0,"140":12,"144":12,"146":12,"147":12,"161":12,"162":12,"165":0,"168":0,"173":0},"path":"/home/nganta/ERC20_Demo/USDC-Demo/contracts/libraries/Address.sol","s":{"1":12,"2":12,"3":0,"4":0,"5":0,"6":0,"7":12,"8":0,"9":12,"10":12,"11":12,"12":12,"13":12,"14":12,"15":0,"16":0},"b":{"1":[0,0],"2":[0,0],"3":[12,0],"4":[12,0],"5":[12,0],"6":[0,0]},"f":{"1":12,"2":0,"3":0,"4":12,"5":0,"6":12,"7":12},"fnMap":{"1":{"name":"isContract","line":26,"loc":{"start":{"line":26,"column":2},"end":{"line":36,"column":2}}},"2":{"name":"sendValue","line":54,"loc":{"start":{"line":54,"column":2},"end":{"line":62,"column":2}}},"3":{"name":"functionCall","line":82,"loc":{"start":{"line":82,"column":2},"end":{"line":87,"column":2}}},"4":{"name":"functionCall","line":95,"loc":{"start":{"line":95,"column":2},"end":{"line":101,"column":2}}},"5":{"name":"functionCallWithValue","line":114,"loc":{"start":{"line":114,"column":2},"end":{"line":126,"column":2}}},"6":{"name":"functionCallWithValue","line":134,"loc":{"start":{"line":134,"column":2},"end":{"line":148,"column":2}}},"7":{"name":"verifyCallResult","line":156,"loc":{"start":{"line":156,"column":2},"end":{"line":176,"column":2}}}},"statementMap":{"1":{"start":{"line":31,"column":4},"end":{"line":31,"column":16}},"2":{"start":{"line":35,"column":4},"end":{"line":35,"column":19}},"3":{"start":{"line":55,"column":4},"end":{"line":55,"column":76}},"4":{"start":{"line":57,"column":4},"end":{"line":57,"column":56}},"5":{"start":{"line":58,"column":4},"end":{"line":58,"column":2125}},"6":{"start":{"line":86,"column":4},"end":{"line":86,"column":71}},"7":{"start":{"line":100,"column":4},"end":{"line":100,"column":63}},"8":{"start":{"line":119,"column":4},"end":{"line":119,"column":3994}},"9":{"start":{"line":140,"column":4},"end":{"line":140,"column":4537}},"10":{"start":{"line":144,"column":4},"end":{"line":144,"column":63}},"11":{"start":{"line":146,"column":4},"end":{"line":146,"column":77}},"12":{"start":{"line":147,"column":4},"end":{"line":147,"column":62}},"13":{"start":{"line":161,"column":4},"end":{"line":161,"column":5209}},"14":{"start":{"line":162,"column":6},"end":{"line":162,"column":23}},"15":{"start":{"line":165,"column":6},"end":{"line":165,"column":5330}},"16":{"start":{"line":173,"column":8},"end":{"line":173,"column":27}}},"branchMap":{"1":{"line":55,"type":"if","locations":[{"start":{"line":55,"column":4},"end":{"line":55,"column":4}},{"start":{"line":55,"column":4},"end":{"line":55,"column":4}}]},"2":{"line":58,"type":"if","locations":[{"start":{"line":58,"column":4},"end":{"line":58,"column":4}},{"start":{"line":58,"column":4},"end":{"line":58,"column":4}}]},"3":{"line":140,"type":"if","locations":[{"start":{"line":140,"column":4},"end":{"line":140,"column":4}},{"start":{"line":140,"column":4},"end":{"line":140,"column":4}}]},"4":{"line":144,"type":"if","locations":[{"start":{"line":144,"column":4},"end":{"line":144,"column":4}},{"start":{"line":144,"column":4},"end":{"line":144,"column":4}}]},"5":{"line":161,"type":"if","locations":[{"start":{"line":161,"column":4},"end":{"line":161,"column":4}},{"start":{"line":161,"column":4},"end":{"line":161,"column":4}}]},"6":{"line":165,"type":"if","locations":[{"start":{"line":165,"column":6},"end":{"line":165,"column":6}},{"start":{"line":165,"column":6},"end":{"line":165,"column":6}}]}}},"contracts/libraries/SafeERC20.sol":{"l":{"25":2,"37":10,"54":12,"58":12,"60":12},"path":"/home/nganta/ERC20_Demo/USDC-Demo/contracts/libraries/SafeERC20.sol","s":{"1":2,"2":10,"3":12,"4":12,"5":12},"b":{"1":[12,0],"2":[12,0]},"f":{"1":2,"2":10,"3":12},"fnMap":{"1":{"name":"safeTransfer","line":20,"loc":{"start":{"line":20,"column":2},"end":{"line":29,"column":2}}},"2":{"name":"safeTransferFrom","line":31,"loc":{"start":{"line":31,"column":2},"end":{"line":41,"column":2}}},"3":{"name":"_callOptionalReturn","line":49,"loc":{"start":{"line":49,"column":2},"end":{"line":65,"column":2}}}},"statementMap":{"1":{"start":{"line":25,"column":4},"end":{"line":25,"column":726}},"2":{"start":{"line":37,"column":4},"end":{"line":37,"column":955}},"3":{"start":{"line":54,"column":4},"end":{"line":54,"column":1847}},"4":{"start":{"line":58,"column":4},"end":{"line":58,"column":1965}},"5":{"start":{"line":60,"column":6},"end":{"line":60,"column":2035}}},"branchMap":{"1":{"line":58,"type":"if","locations":[{"start":{"line":58,"column":4},"end":{"line":58,"column":4}},{"start":{"line":58,"column":4},"end":{"line":58,"column":4}}]},"2":{"line":60,"type":"if","locations":[{"start":{"line":60,"column":6},"end":{"line":60,"column":6}},{"start":{"line":60,"column":6},"end":{"line":60,"column":6}}]}}},"contracts/Mintable.sol":{"l":{},"path":"/home/nganta/ERC20_Demo/USDC-Demo/contracts/Mintable.sol","s":{},"b":{},"f":{},"fnMap":{},"statementMap":{},"branchMap":{}},"contracts/Ownable.sol":{"l":{"14":45,"15":38,"29":1,"30":1,"31":1,"32":1,"41":1,"42":1,"43":1,"50":2},"path":"/home/nganta/ERC20_Demo/USDC-Demo/contracts/Ownable.sol","s":{"1":45,"2":1,"3":1,"4":1,"5":1,"6":1,"7":1,"8":1,"9":2},"b":{"1":[38,7],"2":[1,0]},"f":{"1":45,"2":1,"3":1,"4":2},"fnMap":{"1":{"name":"onlyOwner","line":13,"loc":{"start":{"line":13,"column":2},"end":{"line":16,"column":2}}},"2":{"name":"changeOwner","line":26,"loc":{"start":{"line":24,"column":2},"end":{"line":33,"column":2}}},"3":{"name":"renounceOwnership","line":40,"loc":{"start":{"line":40,"column":2},"end":{"line":44,"column":2}}},"4":{"name":"returnOwner","line":49,"loc":{"start":{"line":49,"column":2},"end":{"line":51,"column":2}}}},"statementMap":{"1":{"start":{"line":14,"column":4},"end":{"line":14,"column":54}},"2":{"start":{"line":29,"column":4},"end":{"line":29,"column":34}},"3":{"start":{"line":30,"column":4},"end":{"line":30,"column":19}},"4":{"start":{"line":31,"column":4},"end":{"line":31,"column":31}},"5":{"start":{"line":32,"column":4},"end":{"line":32,"column":15}},"6":{"start":{"line":41,"column":4},"end":{"line":41,"column":21}},"7":{"start":{"line":42,"column":4},"end":{"line":42,"column":28}},"8":{"start":{"line":43,"column":4},"end":{"line":43,"column":15}},"9":{"start":{"line":50,"column":4},"end":{"line":50,"column":16}}},"branchMap":{"1":{"line":14,"type":"if","locations":[{"start":{"line":14,"column":4},"end":{"line":14,"column":4}},{"start":{"line":14,"column":4},"end":{"line":14,"column":4}}]},"2":{"line":29,"type":"if","locations":[{"start":{"line":29,"column":4},"end":{"line":29,"column":4}},{"start":{"line":29,"column":4},"end":{"line":29,"column":4}}]}}},"contracts/Pausable.sol":{"l":{"14":46,"15":43,"23":3,"31":1},"path":"/home/nganta/ERC20_Demo/USDC-Demo/contracts/Pausable.sol","s":{"1":46,"2":3,"3":1},"b":{"1":[43,3]},"f":{"1":46,"2":3,"3":1},"fnMap":{"1":{"name":"pauseLock","line":13,"loc":{"start":{"line":13,"column":2},"end":{"line":16,"column":2}}},"2":{"name":"pause","line":22,"loc":{"start":{"line":22,"column":2},"end":{"line":24,"column":2}}},"3":{"name":"unPause","line":30,"loc":{"start":{"line":30,"column":2},"end":{"line":32,"column":2}}}},"statementMap":{"1":{"start":{"line":14,"column":4},"end":{"line":14,"column":37}},"2":{"start":{"line":23,"column":4},"end":{"line":23,"column":18}},"3":{"start":{"line":31,"column":4},"end":{"line":31,"column":19}}},"branchMap":{"1":{"line":14,"type":"if","locations":[{"start":{"line":14,"column":4},"end":{"line":14,"column":4}},{"start":{"line":14,"column":4},"end":{"line":14,"column":4}}]}}},"contracts/StakingContract.sol":{"l":{"37":30,"38":30,"39":30,"48":10,"49":10,"50":10,"53":10,"57":10,"67":3,"68":3,"72":2,"77":1,"78":1,"79":1,"88":31,"89":31,"90":31,"98":1},"path":"/home/nganta/ERC20_Demo/USDC-Demo/contracts/StakingContract.sol","s":{"1":30,"2":30,"3":30,"4":10,"5":10,"6":10,"7":10,"8":10,"9":3,"10":3,"11":2,"12":1,"13":1,"14":1,"15":31,"16":31,"17":31,"18":1},"b":{"1":[2,1],"2":[1,1],"3":[31,0]},"f":{"1":30,"2":10,"3":3,"4":31,"5":1},"fnMap":{"1":{"name":"constructor","line":36,"loc":{"start":{"line":36,"column":2},"end":{"line":40,"column":2}}},"2":{"name":"stake","line":47,"loc":{"start":{"line":47,"column":2},"end":{"line":58,"column":2}}},"3":{"name":"unStake","line":66,"loc":{"start":{"line":66,"column":2},"end":{"line":80,"column":2}}},"4":{"name":"changeTreasuryAddress","line":87,"loc":{"start":{"line":87,"column":2},"end":{"line":91,"column":2}}},"5":{"name":"collectFees","line":97,"loc":{"start":{"line":97,"column":2},"end":{"line":99,"column":2}}}},"statementMap":{"1":{"start":{"line":37,"column":4},"end":{"line":37,"column":30}},"2":{"start":{"line":38,"column":4},"end":{"line":38,"column":21}},"3":{"start":{"line":39,"column":4},"end":{"line":39,"column":41}},"4":{"start":{"line":48,"column":4},"end":{"line":48,"column":67}},"5":{"start":{"line":49,"column":4},"end":{"line":49,"column":37}},"6":{"start":{"line":50,"column":4},"end":{"line":50,"column":23}},"7":{"start":{"line":53,"column":4},"end":{"line":53,"column":1577}},"8":{"start":{"line":57,"column":4},"end":{"line":57,"column":51}},"9":{"start":{"line":67,"column":4},"end":{"line":67,"column":58}},"10":{"start":{"line":68,"column":4},"end":{"line":68,"column":2091}},"11":{"start":{"line":72,"column":4},"end":{"line":72,"column":2209}},"12":{"start":{"line":77,"column":4},"end":{"line":77,"column":38}},"13":{"start":{"line":78,"column":4},"end":{"line":78,"column":48}},"14":{"start":{"line":79,"column":4},"end":{"line":79,"column":53}},"15":{"start":{"line":88,"column":4},"end":{"line":88,"column":73}},"16":{"start":{"line":89,"column":4},"end":{"line":89,"column":32}},"17":{"start":{"line":90,"column":4},"end":{"line":90,"column":45}},"18":{"start":{"line":98,"column":4},"end":{"line":98,"column":53}}},"branchMap":{"1":{"line":68,"type":"if","locations":[{"start":{"line":68,"column":4},"end":{"line":68,"column":4}},{"start":{"line":68,"column":4},"end":{"line":68,"column":4}}]},"2":{"line":72,"type":"if","locations":[{"start":{"line":72,"column":4},"end":{"line":72,"column":4}},{"start":{"line":72,"column":4},"end":{"line":72,"column":4}}]},"3":{"line":88,"type":"if","locations":[{"start":{"line":88,"column":4},"end":{"line":88,"column":4}},{"start":{"line":88,"column":4},"end":{"line":88,"column":4}}]}}},"contracts/USDC.sol":{"l":{"34":78,"35":78,"36":78,"51":18,"53":16,"54":16,"56":16,"72":12,"74":11,"75":11,"76":11,"78":11,"93":13,"95":13,"110":1,"111":1,"112":1,"114":1},"path":"/home/nganta/ERC20_Demo/USDC-Demo/contracts/USDC.sol","s":{"1":78,"2":78,"3":78,"4":18,"5":16,"6":16,"7":16,"8":12,"9":11,"10":11,"11":11,"12":11,"13":13,"14":13,"15":1,"16":1,"17":1,"18":1},"b":{"1":[16,2],"2":[11,1],"3":[1,0]},"f":{"1":78,"2":18,"3":12,"4":13,"5":1},"fnMap":{"1":{"name":"constructor","line":33,"loc":{"start":{"line":33,"column":2},"end":{"line":37,"column":2}}},"2":{"name":"transfer","line":48,"loc":{"start":{"line":46,"column":2},"end":{"line":57,"column":2}}},"3":{"name":"transferFrom","line":71,"loc":{"start":{"line":67,"column":2},"end":{"line":79,"column":2}}},"4":{"name":"approve","line":90,"loc":{"start":{"line":88,"column":2},"end":{"line":96,"column":2}}},"5":{"name":"mintCoins","line":105,"loc":{"start":{"line":105,"column":2},"end":{"line":115,"column":2}}}},"statementMap":{"1":{"start":{"line":34,"column":4},"end":{"line":34,"column":30}},"2":{"start":{"line":35,"column":4},"end":{"line":35,"column":40}},"3":{"start":{"line":36,"column":4},"end":{"line":36,"column":21}},"4":{"start":{"line":51,"column":4},"end":{"line":51,"column":66}},"5":{"start":{"line":53,"column":4},"end":{"line":53,"column":33}},"6":{"start":{"line":54,"column":4},"end":{"line":54,"column":25}},"7":{"start":{"line":56,"column":4},"end":{"line":56,"column":15}},"8":{"start":{"line":72,"column":4},"end":{"line":72,"column":65}},"9":{"start":{"line":74,"column":4},"end":{"line":74,"column":39}},"10":{"start":{"line":75,"column":4},"end":{"line":75,"column":27}},"11":{"start":{"line":76,"column":4},"end":{"line":76,"column":25}},"12":{"start":{"line":78,"column":4},"end":{"line":78,"column":15}},"13":{"start":{"line":93,"column":4},"end":{"line":93,"column":42}},"14":{"start":{"line":95,"column":4},"end":{"line":95,"column":15}},"15":{"start":{"line":110,"column":4},"end":{"line":110,"column":58}},"16":{"start":{"line":111,"column":4},"end":{"line":111,"column":24}},"17":{"start":{"line":112,"column":4},"end":{"line":112,"column":26}},"18":{"start":{"line":114,"column":4},"end":{"line":114,"column":15}}},"branchMap":{"1":{"line":51,"type":"if","locations":[{"start":{"line":51,"column":4},"end":{"line":51,"column":4}},{"start":{"line":51,"column":4},"end":{"line":51,"column":4}}]},"2":{"line":72,"type":"if","locations":[{"start":{"line":72,"column":4},"end":{"line":72,"column":4}},{"start":{"line":72,"column":4},"end":{"line":72,"column":4}}]},"3":{"line":110,"type":"if","locations":[{"start":{"line":110,"column":4},"end":{"line":110,"column":4}},{"start":{"line":110,"column":4},"end":{"line":110,"column":4}}]}}}}