{"contracts/StakingContract.sol":{"l":{"55":54,"56":54,"57":54,"58":54,"67":6,"68":6,"69":6,"72":6,"73":6,"83":3,"84":3,"85":2,"87":1,"88":1,"89":1,"98":2,"99":1,"100":1,"109":1},"path":"/home/punkster21/Projects/USDC-Demo/contracts/StakingContract.sol","s":{"1":54,"2":54,"3":54,"4":54,"5":6,"6":6,"7":6,"8":6,"9":6,"10":3,"11":3,"12":2,"13":1,"14":1,"15":1,"16":2,"17":1,"18":1,"19":1},"b":{"1":[2,1],"2":[1,1],"3":[1,1]},"f":{"1":54,"2":6,"3":3,"4":2,"5":1},"fnMap":{"1":{"name":"constructor","line":50,"loc":{"start":{"line":50,"column":4},"end":{"line":59,"column":4}}},"2":{"name":"stake","line":66,"loc":{"start":{"line":66,"column":4},"end":{"line":74,"column":4}}},"3":{"name":"unStake","line":82,"loc":{"start":{"line":82,"column":4},"end":{"line":90,"column":4}}},"4":{"name":"changeTreasuryAddress","line":97,"loc":{"start":{"line":97,"column":4},"end":{"line":101,"column":4}}},"5":{"name":"collectFees","line":108,"loc":{"start":{"line":108,"column":4},"end":{"line":110,"column":4}}}},"statementMap":{"1":{"start":{"line":55,"column":8},"end":{"line":55,"column":49}},"2":{"start":{"line":56,"column":8},"end":{"line":56,"column":47}},"3":{"start":{"line":57,"column":8},"end":{"line":57,"column":34}},"4":{"start":{"line":58,"column":8},"end":{"line":58,"column":33}},"5":{"start":{"line":67,"column":8},"end":{"line":67,"column":71}},"6":{"start":{"line":68,"column":8},"end":{"line":68,"column":37}},"7":{"start":{"line":69,"column":8},"end":{"line":69,"column":27}},"8":{"start":{"line":72,"column":8},"end":{"line":72,"column":104}},"9":{"start":{"line":73,"column":8},"end":{"line":73,"column":61}},"10":{"start":{"line":83,"column":8},"end":{"line":83,"column":62}},"11":{"start":{"line":84,"column":8},"end":{"line":84,"column":101}},"12":{"start":{"line":85,"column":8},"end":{"line":85,"column":101}},"13":{"start":{"line":87,"column":8},"end":{"line":87,"column":42}},"14":{"start":{"line":88,"column":8},"end":{"line":88,"column":52}},"15":{"start":{"line":89,"column":8},"end":{"line":89,"column":63}},"16":{"start":{"line":98,"column":8},"end":{"line":98,"column":77}},"17":{"start":{"line":99,"column":8},"end":{"line":99,"column":36}},"18":{"start":{"line":100,"column":8},"end":{"line":100,"column":55}},"19":{"start":{"line":109,"column":8},"end":{"line":109,"column":57}}},"branchMap":{"1":{"line":84,"type":"if","locations":[{"start":{"line":84,"column":8},"end":{"line":84,"column":8}},{"start":{"line":84,"column":8},"end":{"line":84,"column":8}}]},"2":{"line":85,"type":"if","locations":[{"start":{"line":85,"column":8},"end":{"line":85,"column":8}},{"start":{"line":85,"column":8},"end":{"line":85,"column":8}}]},"3":{"line":98,"type":"if","locations":[{"start":{"line":98,"column":8},"end":{"line":98,"column":8}},{"start":{"line":98,"column":8},"end":{"line":98,"column":8}}]}}},"contracts/USDC.sol":{"l":{"13":123,"14":123,"15":123,"16":123,"20":123,"24":3,"28":1,"32":1,"36":1,"44":159},"path":"/home/punkster21/Projects/USDC-Demo/contracts/USDC.sol","s":{"1":123,"2":123,"3":123,"4":123,"5":123,"6":3,"7":1,"8":1,"9":1,"10":159},"b":{},"f":{"1":123,"2":123,"3":3,"4":1,"5":1,"6":1,"7":159},"fnMap":{"1":{"name":"constructor","line":12,"loc":{"start":{"line":12,"column":4},"end":{"line":17,"column":4}}},"2":{"name":"decimals","line":19,"loc":{"start":{"line":19,"column":4},"end":{"line":21,"column":4}}},"3":{"name":"pause","line":23,"loc":{"start":{"line":23,"column":4},"end":{"line":25,"column":4}}},"4":{"name":"unpause","line":27,"loc":{"start":{"line":27,"column":4},"end":{"line":29,"column":4}}},"5":{"name":"mintCoins","line":31,"loc":{"start":{"line":31,"column":4},"end":{"line":33,"column":4}}},"6":{"name":"testMint","line":35,"loc":{"start":{"line":35,"column":4},"end":{"line":37,"column":4}}},"7":{"name":"_beforeTokenTransfer","line":41,"loc":{"start":{"line":39,"column":4},"end":{"line":45,"column":4}}}},"statementMap":{"1":{"start":{"line":13,"column":8},"end":{"line":13,"column":49}},"2":{"start":{"line":14,"column":8},"end":{"line":14,"column":42}},"3":{"start":{"line":15,"column":8},"end":{"line":15,"column":42}},"4":{"start":{"line":16,"column":8},"end":{"line":16,"column":58}},"5":{"start":{"line":20,"column":8},"end":{"line":20,"column":16}},"6":{"start":{"line":24,"column":8},"end":{"line":24,"column":15}},"7":{"start":{"line":28,"column":8},"end":{"line":28,"column":17}},"8":{"start":{"line":32,"column":8},"end":{"line":32,"column":24}},"9":{"start":{"line":36,"column":8},"end":{"line":36,"column":32}},"10":{"start":{"line":44,"column":8},"end":{"line":44,"column":51}}},"branchMap":{}}}